SF:lib/utils/validation_utils.dart
DA:6,1
DA:7,1
DA:8,1
DA:9,1
DA:13,1
DA:14,1
DA:15,1
DA:16,1
DA:20,0
DA:21,0
DA:22,0
DA:23,0
DA:27,1
DA:28,2
DA:29,2
DA:30,2
DA:31,2
DA:36,1
DA:37,6
DA:41,1
DA:42,6
DA:46,1
DA:47,6
DA:51,0
DA:52,0
DA:53,0
DA:57,0
DA:58,0
DA:59,0
DA:63,0
DA:64,0
DA:65,0
DA:69,1
DA:70,2
DA:74,0
DA:75,0
DA:79,0
DA:80,0
DA:84,0
DA:85,0
DA:89,0
DA:90,0
DA:91,0
DA:95,0
DA:96,0
DA:97,0
DA:101,1
DA:102,3
DA:106,1
DA:107,3
DA:111,0
DA:112,0
DA:113,0
DA:117,0
DA:119,0
DA:121,0
DA:123,0
DA:125,0
DA:127,0
DA:129,0
DA:131,0
DA:133,0
DA:135,0
DA:137,0
DA:139,0
DA:141,0
DA:142,0
DA:143,0
DA:144,0
DA:145,0
DA:146,0
DA:147,0
DA:149,0
DA:151,0
DA:154,0
DA:159,1
DA:160,3
DA:164,1
DA:166,2
DA:167,2
DA:168,1
DA:172,0
DA:173,0
DA:174,0
DA:175,0
DA:181,0
DA:182,0
DA:186,1
DA:187,3
DA:191,1
DA:192,1
DA:193,1
DA:194,1
DA:195,1
LF:94
LH:38
end_of_record
SF:lib/utils/date_utils.dart
DA:7,1
DA:8,2
DA:12,1
DA:13,2
DA:17,1
DA:18,2
DA:22,1
DA:23,1
DA:24,1
DA:26,2
DA:28,2
DA:30,2
DA:31,2
DA:32,2
DA:33,3
DA:34,2
DA:35,2
DA:36,3
DA:37,2
DA:39,3
DA:40,2
DA:45,0
DA:46,0
DA:47,0
DA:49,0
DA:51,0
DA:52,0
DA:53,0
DA:54,0
DA:55,0
DA:56,0
DA:58,0
DA:63,0
DA:64,0
DA:68,0
DA:69,0
DA:73,0
DA:75,0
DA:82,1
DA:83,4
DA:87,1
DA:88,4
DA:92,1
DA:93,1
DA:94,3
DA:98,0
DA:99,0
DA:100,0
DA:104,1
DA:105,3
DA:109,0
DA:110,0
DA:114,1
DA:115,1
DA:116,3
DA:117,3
DA:118,3
DA:122,1
DA:123,2
DA:124,3
DA:125,3
DA:126,3
DA:130,0
DA:131,0
DA:132,0
DA:133,0
DA:134,0
DA:138,1
DA:139,1
DA:140,6
DA:144,1
DA:145,1
DA:146,3
DA:150,1
DA:151,1
DA:152,3
DA:153,3
DA:154,3
DA:155,0
DA:161,0
DA:162,0
DA:166,0
DA:167,0
DA:171,0
DA:172,0
DA:176,1
DA:177,2
DA:181,1
DA:182,1
DA:186,1
DA:187,2
DA:188,4
DA:189,2
DA:190,4
DA:191,2
DA:192,4
DA:194,2
DA:199,1
DA:200,3
DA:205,1
DA:206,2
DA:207,2
DA:208,2
DA:209,1
DA:219,1
DA:220,3
DA:225,0
DA:226,0
DA:228,0
DA:229,0
DA:230,0
DA:231,0
DA:233,0
DA:243,1
DA:244,2
DA:248,1
DA:249,2
DA:253,1
DA:254,2
DA:258,1
DA:259,2
LF:121
LH:80
end_of_record
